<?xml version="1.0" encoding="UTF-8"?>
<testsuite xmlns:xsi="http://www.w3.org/2001/XMLSchema-instance" xsi:noNamespaceSchemaLocation="https://maven.apache.org/surefire/maven-surefire-plugin/xsd/surefire-test-report.xsd" version="3.0.1" name="OrderTest" time="0.726" tests="4" errors="0" skipped="0" failures="1">
  <properties>
[...]
</properties>
  <testcase name="testAddOrderSuccess" classname="OrderTest" time="0.574"/>
  <testcase name="testGetOrders" classname="OrderTest" time="0.042"/>
  <testcase name="testAddOrderFailure" classname="OrderTest" time="0.069">
    <failure message="expected: &lt;false&gt; but was: &lt;true&gt;" type="org.opentest4j.AssertionFailedError"><![CDATA[org.opentest4j.AssertionFailedError: expected: <false> but was: <true>
	at org.junit.jupiter.api.AssertionFailureBuilder.build(AssertionFailureBuilder.java:158)
	at org.junit.jupiter.api.AssertionFailureBuilder.buildAndThrow(AssertionFailureBuilder.java:139)
	at org.junit.jupiter.api.AssertFalse.failNotFalse(AssertFalse.java:69)
	at org.junit.jupiter.api.AssertFalse.assertFalse(AssertFalse.java:41)
	at org.junit.jupiter.api.AssertFalse.assertFalse(AssertFalse.java:35)
	at org.junit.jupiter.api.Assertions.assertFalse(Assertions.java:246)
	at OrderTest.testAddOrderFailure(OrderTest.java:35)
]]></failure>
  </testcase>
  <testcase name="testDeleteInvalidOrder" classname="OrderTest" time="0.016"/>
</testsuite>